<br />
<b>Warning</b>:  Invalid argument supplied for foreach() in <b>C:\Users\bushuev\Documents\Programs\nginx-1.7.4\html\2tym.nd\srv\pso\controller\AccountList.php</b> on line <b>6</b><br />

<br />
<b>Warning</b>:  Invalid argument supplied for foreach() in <b>C:\Users\bushuev\Documents\Programs\nginx-1.7.4\html\2tym.nd\pso\lib\AccountList.php</b> on line <b>6</b><br />









<br />
<b>Warning</b>:  Invalid argument supplied for foreach() in <b>C:\Users\bushuev\Documents\Programs\nginx-1.7.4\html\2tym.nd\pso\lib\OperationList.php</b> on line <b>8</b><br />

<br />
<b>Warning</b>:  Invalid argument supplied for foreach() in <b>C:\Users\bushuev\Documents\Programs\nginx-1.7.4\html\2tym.nd\pso\lib\OperationList.php</b> on line <b>8</b><br />






<br />
<b>Warning</b>:  Invalid argument supplied for foreach() in <b>C:\Users\bushuev\Documents\Programs\nginx-1.7.4\html\2tym.nd\pso\lib\OperationList.php</b> on line <b>8</b><br />

<br />
<b>Warning</b>:  Invalid argument supplied for foreach() in <b>C:\Users\bushuev\Documents\Programs\nginx-1.7.4\html\2tym.nd\pso\lib\OperationList.php</b> on line <b>8</b><br />






<br />
<b>Warning</b>:  Invalid argument supplied for foreach() in <b>C:\Users\bushuev\Documents\Programs\nginx-1.7.4\html\2tym.nd\pso\lib\OperationList.php</b> on line <b>8</b><br />

<br />
<b>Warning</b>:  Invalid argument supplied for foreach() in <b>C:\Users\bushuev\Documents\Programs\nginx-1.7.4\html\2tym.nd\pso\lib\OperationList.php</b> on line <b>8</b><br />






<br />
<b>Warning</b>:  Invalid argument supplied for foreach() in <b>C:\Users\bushuev\Documents\Programs\nginx-1.7.4\html\2tym.nd\pso\lib\OperationList.php</b> on line <b>8</b><br />

<br />
<b>Warning</b>:  Invalid argument supplied for foreach() in <b>C:\Users\bushuev\Documents\Programs\nginx-1.7.4\html\2tym.nd\pso\lib\OperationList.php</b> on line <b>8</b><br />






<br />
<b>Warning</b>:  Invalid argument supplied for foreach() in <b>C:\Users\bushuev\Documents\Programs\nginx-1.7.4\html\2tym.nd\pso\lib\OperationList.php</b> on line <b>8</b><br />


<br />
<b>Warning</b>:  Invalid argument supplied for foreach() in <b>C:\Users\bushuev\Documents\Programs\nginx-1.7.4\html\2tym.nd\pso\lib\OperationList.php</b> on line <b>8</b><br />





<br />
<b>Warning</b>:  Invalid argument supplied for foreach() in <b>C:\Users\bushuev\Documents\Programs\nginx-1.7.4\html\2tym.nd\pso\lib\OperationList.php</b> on line <b>8</b><br />


<br />
<b>Warning</b>:  Invalid argument supplied for foreach() in <b>C:\Users\bushuev\Documents\Programs\nginx-1.7.4\html\2tym.nd\pso\lib\OperationList.php</b> on line <b>8</b><br />





<br />
<b>Warning</b>:  Invalid argument supplied for foreach() in <b>C:\Users\bushuev\Documents\Programs\nginx-1.7.4\html\2tym.nd\pso\lib\OperationList.php</b> on line <b>8</b><br />

<br />
<b>Warning</b>:  Invalid argument supplied for foreach() in <b>C:\Users\bushuev\Documents\Programs\nginx-1.7.4\html\2tym.nd\pso\lib\OperationList.php</b> on line <b>8</b><br />






<br />
<b>Warning</b>:  Invalid argument supplied for foreach() in <b>C:\Users\bushuev\Documents\Programs\nginx-1.7.4\html\2tym.nd\pso\lib\OperationList.php</b> on line <b>8</b><br />

<br />
<b>Warning</b>:  Invalid argument supplied for foreach() in <b>C:\Users\bushuev\Documents\Programs\nginx-1.7.4\html\2tym.nd\pso\lib\OperationList.php</b> on line <b>8</b><br />








<br />
<b>Warning</b>:  Invalid argument supplied for foreach() in <b>C:\Users\bushuev\Documents\Programs\nginx-1.7.4\html\2tym.nd\pso\lib\OperationList.php</b> on line <b>8</b><br />

<br />
<b>Warning</b>:  Invalid argument supplied for foreach() in <b>C:\Users\bushuev\Documents\Programs\nginx-1.7.4\html\2tym.nd\pso\lib\OperationList.php</b> on line <b>8</b><br />










<br />
<b>Warning</b>:  Invalid argument supplied for foreach() in <b>C:\Users\bushuev\Documents\Programs\nginx-1.7.4\html\2tym.nd\pso\lib\OperationList.php</b> on line <b>8</b><br />


<br />
<b>Warning</b>:  Invalid argument supplied for foreach() in <b>C:\Users\bushuev\Documents\Programs\nginx-1.7.4\html\2tym.nd\pso\lib\OperationList.php</b> on line <b>8</b><br />






<br />
<b>Warning</b>:  Invalid argument supplied for foreach() in <b>C:\Users\bushuev\Documents\Programs\nginx-1.7.4\html\2tym.nd\pso\lib\OperationList.php</b> on line <b>8</b><br />

<br />
<b>Warning</b>:  Invalid argument supplied for foreach() in <b>C:\Users\bushuev\Documents\Programs\nginx-1.7.4\html\2tym.nd\pso\lib\OperationList.php</b> on line <b>8</b><br />


http://pso_test.2tbank.ru/PSO.svc/json/PSOGetProductsList/
Resource id #5
Array
(
    [http] => Array
        (
            [header] => Content-type: application/json
            [method] => POST
            [proxy] => tcp://10.0.1.46:8080
            [request_fulluri] => 1
            [content] => []
        )

)

Array
(
    [http] => Array
        (
            [header] => Content-type: application/json
            [method] => POST
            [proxy] => tcp://10.0.1.46:8080
            [request_fulluri] => 1
            [content] => {"login":"SH","pass":"3855359"}
        )

)

Array
(
    [http] => Array
        (
            [header] => Content-type: application/json
            [method] => POST
            [proxy] => tcp://10.0.1.46:8080
            [request_fulluri] => 1
            [content] => []
        )

)

Array
(
    [http] => Array
        (
            [header] => Content-type: application/json
            [method] => POST
            [proxy] => tcp://10.0.1.46:8080
            [request_fulluri] => 1
            [content] => {"temp_id":"bf958b2d-b500-4f1c-9146-d4fcf6fe80d4"}
        )

)

Array
(
    [http] => Array
        (
            [header] => Content-type: application/json
            [method] => POST
            [proxy] => tcp://10.0.1.46:8080
            [request_fulluri] => 1
            [content] => {"temp_id":"bf958b2d-b500-4f1c-9146-d4fcf6fe80d4"}
        )

)

Array
(
    [http] => Array
        (
            [header] => Content-type: application/json
            [method] => POST
            [proxy] => tcp://10.0.1.46:8080
            [request_fulluri] => 1
            [content] => {"temp_id":"bf958b2d-b500-4f1c-9146-d4fcf6fe80d4","acc_id":"19196","date_beg":"01.01.2014 00:00:00","date_end":"30.12.2014 23:59:59"}
        )

)
<br />
<b>Warning</b>:  Invalid argument supplied for foreach() in <b>C:\Users\bushuev\Documents\Programs\nginx-1.7.4\html\2tym.nd\pso\lib\OperationList.php</b> on line <b>8</b><br />

Array
(
    [http] => Array
        (
            [header] => Content-type: application/json
            [method] => POST
            [proxy] => tcp://10.0.1.46:8080
            [request_fulluri] => 1
            [content] => {"temp_id":"bf958b2d-b500-4f1c-9146-d4fcf6fe80d4","acc_id":"19197","date_beg":"01.01.2014 00:00:00","date_end":"30.12.2014 23:59:59"}
        )

)
<br />
<b>Warning</b>:  Invalid argument supplied for foreach() in <b>C:\Users\bushuev\Documents\Programs\nginx-1.7.4\html\2tym.nd\pso\lib\OperationList.php</b> on line <b>8</b><br />

Array
(
    [http] => Array
        (
            [header] => Content-type: application/json
            [method] => POST
            [proxy] => tcp://10.0.1.46:8080
            [request_fulluri] => 1
            [content] => {"temp_id":"bf958b2d-b500-4f1c-9146-d4fcf6fe80d4","acc_id":"12375","date_beg":"01.01.2014 00:00:00","date_end":"30.12.2014 23:59:59"}
        )

)

Array
(
    [http] => Array
        (
            [header] => Content-type: application/json
            [method] => POST
            [proxy] => tcp://10.0.1.46:8080
            [request_fulluri] => 1
            [content] => []
        )

)

Array
(
    [http] => Array
        (
            [header] => Content-type: application/json
            [method] => POST
            [proxy] => tcp://10.0.1.46:8080
            [request_fulluri] => 1
            [content] => {"login":"SH","pass":"3855359"}
        )

)

Array
(
    [http] => Array
        (
            [header] => Content-type: application/json
            [method] => POST
            [proxy] => tcp://10.0.1.46:8080
            [request_fulluri] => 1
            [content] => {"temp_id":"e7288bc4-ef76-4fdf-9bd7-b05a5d93c14f"}
        )

)

Array
(
    [http] => Array
        (
            [header] => Content-type: application/json
            [method] => POST
            [proxy] => tcp://10.0.1.46:8080
            [request_fulluri] => 1
            [content] => {"temp_id":"e7288bc4-ef76-4fdf-9bd7-b05a5d93c14f"}
        )

)

Array
(
    [http] => Array
        (
            [header] => Content-type: application/json
            [method] => POST
            [proxy] => tcp://10.0.1.46:8080
            [request_fulluri] => 1
            [content] => {"temp_id":"e7288bc4-ef76-4fdf-9bd7-b05a5d93c14f","acc_id":"19196","date_beg":"01.01.2014 00:00:00","date_end":"30.12.2014 23:59:59"}
        )

)
<br />
<b>Warning</b>:  Invalid argument supplied for foreach() in <b>C:\Users\bushuev\Documents\Programs\nginx-1.7.4\html\2tym.nd\pso\lib\OperationList.php</b> on line <b>8</b><br />

Array
(
    [http] => Array
        (
            [header] => Content-type: application/json
            [method] => POST
            [proxy] => tcp://10.0.1.46:8080
            [request_fulluri] => 1
            [content] => {"temp_id":"e7288bc4-ef76-4fdf-9bd7-b05a5d93c14f","acc_id":"19197","date_beg":"01.01.2014 00:00:00","date_end":"30.12.2014 23:59:59"}
        )

)
<br />
<b>Warning</b>:  Invalid argument supplied for foreach() in <b>C:\Users\bushuev\Documents\Programs\nginx-1.7.4\html\2tym.nd\pso\lib\OperationList.php</b> on line <b>8</b><br />

Array
(
    [http] => Array
        (
            [header] => Content-type: application/json
            [method] => POST
            [proxy] => tcp://10.0.1.46:8080
            [request_fulluri] => 1
            [content] => {"temp_id":"e7288bc4-ef76-4fdf-9bd7-b05a5d93c14f","acc_id":"12375","date_beg":"01.01.2014 00:00:00","date_end":"30.12.2014 23:59:59"}
        )

)

Array
(
    [http] => Array
        (
            [header] => Content-type: application/json
            [method] => POST
            [proxy] => tcp://10.0.1.46:8080
            [request_fulluri] => 1
            [content] => []
        )

)

Array
(
    [http] => Array
        (
            [header] => Content-type: application/json
            [method] => POST
            [proxy] => tcp://10.0.1.46:8080
            [request_fulluri] => 1
            [content] => {"login":"SH","pass":"3855359"}
        )

)

Array
(
    [http] => Array
        (
            [header] => Content-type: application/json
            [method] => POST
            [proxy] => tcp://10.0.1.46:8080
            [request_fulluri] => 1
            [content] => {"temp_id":"66b496a3-29f0-443d-b877-834807c27ffd"}
        )

)

Array
(
    [http] => Array
        (
            [header] => Content-type: application/json
            [method] => POST
            [proxy] => tcp://10.0.1.46:8080
            [request_fulluri] => 1
            [content] => {"temp_id":"66b496a3-29f0-443d-b877-834807c27ffd"}
        )

)

Array
(
    [http] => Array
        (
            [header] => Content-type: application/json
            [method] => POST
            [proxy] => tcp://10.0.1.46:8080
            [request_fulluri] => 1
            [content] => {"temp_id":"66b496a3-29f0-443d-b877-834807c27ffd","acc_id":"19196","date_beg":"01.01.2014 00:00:00","date_end":"30.12.2014 23:59:59"}
        )

)
<br />
<b>Warning</b>:  Invalid argument supplied for foreach() in <b>C:\Users\bushuev\Documents\Programs\nginx-1.7.4\html\2tym.nd\pso\lib\OperationList.php</b> on line <b>8</b><br />

Array
(
    [http] => Array
        (
            [header] => Content-type: application/json
            [method] => POST
            [proxy] => tcp://10.0.1.46:8080
            [request_fulluri] => 1
            [content] => {"temp_id":"66b496a3-29f0-443d-b877-834807c27ffd","acc_id":"19197","date_beg":"01.01.2014 00:00:00","date_end":"30.12.2014 23:59:59"}
        )

)
<br />
<b>Warning</b>:  Invalid argument supplied for foreach() in <b>C:\Users\bushuev\Documents\Programs\nginx-1.7.4\html\2tym.nd\pso\lib\OperationList.php</b> on line <b>8</b><br />

Array
(
    [http] => Array
        (
            [header] => Content-type: application/json
            [method] => POST
            [proxy] => tcp://10.0.1.46:8080
            [request_fulluri] => 1
            [content] => {"temp_id":"66b496a3-29f0-443d-b877-834807c27ffd","acc_id":"12375","date_beg":"01.01.2014 00:00:00","date_end":"30.12.2014 23:59:59"}
        )

)

Array
(
    [http] => Array
        (
            [header] => Content-type: application/json
            [method] => POST
            [proxy] => tcp://10.0.1.46:8080
            [request_fulluri] => 1
            [content] => {"login":"SH","pass":"3855359"}
        )

)

Array
(
    [http] => Array
        (
            [header] => Content-type: application/json
            [method] => POST
            [proxy] => tcp://10.0.1.46:8080
            [request_fulluri] => 1
            [content] => {"login":"SH","pass":"3855359"}
        )

)

Array
(
    [http] => Array
        (
            [header] => Content-type: application/json
            [method] => POST
            [proxy] => tcp://10.0.1.46:8080
            [request_fulluri] => 1
            [content] => {"login":"SH","pass":"3855359"}
        )

)

Array
(
    [http] => Array
        (
            [header] => Content-type: application/json
            [method] => POST
            [proxy] => tcp://10.0.1.46:8080
            [request_fulluri] => 1
            [content] => {"login":"SH","pass":"3855359"}
        )

)

Array
(
    [http] => Array
        (
            [header] => Content-type: application/json
            [method] => POST
            [proxy] => tcp://10.0.1.46:8080
            [request_fulluri] => 1
            [content] => {"login":"SH","pass":"3855359"}
        )

)

Array
(
    [http] => Array
        (
            [header] => Content-type: application/json
            [method] => POST
            [proxy] => tcp://10.0.1.46:8080
            [request_fulluri] => 1
            [content] => {"login":"SH","pass":"3855359"}
        )

)

Array
(
    [http] => Array
        (
            [header] => Content-type: application/json
            [method] => POST
            [proxy] => tcp://10.0.1.46:8080
            [request_fulluri] => 1
            [content] => {"login":"SH","pass":"3855359"}
        )

)

Array
(
    [http] => Array
        (
            [header] => Content-type: application/json
            [method] => POST
            [proxy] => tcp://10.0.1.46:8080
            [request_fulluri] => 1
            [content] => {"login":"SH","pass":"3855359"}
        )

)

Array
(
    [http] => Array
        (
            [header] => Content-type: application/json
            [method] => POST
            [proxy] => tcp://10.0.1.46:8080
            [request_fulluri] => 1
            [content] => {"login":"SH","pass":"3855359"}
        )

)

Array
(
    [http] => Array
        (
            [header] => Content-type: application/json
            [method] => POST
            [proxy] => tcp://10.0.1.46:8080
            [request_fulluri] => 1
            [content] => {"login":"SH","pass":"3855359"}
        )

)

Array
(
    [http] => Array
        (
            [header] => Content-type: application/json
            [method] => POST
            [proxy] => tcp://10.0.1.46:8080
            [request_fulluri] => 1
            [content] => {"login":"SH","pass":"3855359"}
        )

)

Array
(
    [http] => Array
        (
            [header] => Content-type: application/json
            [method] => POST
            [proxy] => tcp://10.0.1.46:8080
            [request_fulluri] => 1
            [content] => {"login":"SH","pass":"3855359"}
        )

)

Array
(
    [http] => Array
        (
            [header] => Content-type: application/json
            [method] => POST
            [proxy] => tcp://10.0.1.46:8080
            [request_fulluri] => 1
            [content] => {"login":"SH","pass":"3855359"}
        )

)

Array
(
    [http] => Array
        (
            [header] => Content-type: application/json
            [method] => POST
            [proxy] => tcp://10.0.1.46:8080
            [request_fulluri] => 1
            [content] => {"login":"SH","pass":"3855359"}
        )

)

Array
(
    [http] => Array
        (
            [header] => Content-type: application/json
            [method] => POST
            [proxy] => tcp://10.0.1.46:8080
            [request_fulluri] => 1
            [content] => {"login":"SH","pass":"3855359"}
        )

)

Array
(
    [http] => Array
        (
            [header] => Content-type: application/json
            [method] => POST
            [proxy] => tcp://10.0.1.46:8080
            [request_fulluri] => 1
            [content] => {"login":"SH","pass":"3855359"}
        )

)

Array
(
    [http] => Array
        (
            [header] => Content-type: application/json
            [method] => POST
            [proxy] => tcp://10.0.1.46:8080
            [request_fulluri] => 1
            [content] => {"login":"SH","pass":"3855359"}
        )

)

Array
(
    [http] => Array
        (
            [header] => Content-type: application/json
            [method] => POST
            [proxy] => tcp://10.0.1.46:8080
            [request_fulluri] => 1
            [content] => {"login":"SH","pass":"3855359"}
        )

)

Array
(
    [http] => Array
        (
            [header] => Content-type: application/json
            [method] => POST
            [proxy] => tcp://10.0.1.46:8080
            [request_fulluri] => 1
            [content] => {"login":"SH","pass":"3855359"}
        )

)

Array
(
    [http] => Array
        (
            [header] => Content-type: application/json
            [method] => POST
            [proxy] => tcp://10.0.1.46:8080
            [request_fulluri] => 1
            [content] => {"login":"SH","pass":"3855359"}
        )

)

Array
(
    [http] => Array
        (
            [header] => Content-type: application/json
            [method] => POST
            [proxy] => tcp://10.0.1.46:8080
            [request_fulluri] => 1
            [content] => {"login":"SH","pass":"3855359"}
        )

)

Array
(
    [http] => Array
        (
            [header] => Content-type: application/json
            [method] => POST
            [proxy] => tcp://10.0.1.46:8080
            [request_fulluri] => 1
            [content] => {"login":"SH","pass":"3855359"}
        )

)

Array
(
    [http] => Array
        (
            [header] => Content-type: application/json
            [method] => POST
            [proxy] => tcp://10.0.1.46:8080
            [request_fulluri] => 1
            [content] => {"login":"SH","pass":"3855359"}
        )

)

Array
(
    [http] => Array
        (
            [header] => Content-type: application/json
            [method] => POST
            [proxy] => tcp://10.0.1.46:8080
            [request_fulluri] => 1
            [content] => {"login":"SH","pass":"3855359"}
        )

)

Array
(
    [http] => Array
        (
            [header] => Content-type: application/json
            [method] => POST
            [proxy] => tcp://10.0.1.46:8080
            [request_fulluri] => 1
            [content] => {"login":"SH","pass":"3855359"}
        )

)

Array
(
    [http] => Array
        (
            [header] => Content-type: application/json
            [method] => POST
            [proxy] => tcp://10.0.1.46:8080
            [request_fulluri] => 1
            [content] => {"login":"SH","pass":"3855359"}
        )

)

Array
(
    [http] => Array
        (
            [header] => Content-type: application/json
            [method] => POST
            [proxy] => tcp://10.0.1.46:8080
            [request_fulluri] => 1
            [content] => {"login":"SH","pass":"3855359"}
        )

)

Array
(
    [http] => Array
        (
            [header] => Content-type: application/json
            [method] => POST
            [proxy] => tcp://10.0.1.46:8080
            [request_fulluri] => 1
            [content] => {"login":"SH","pass":"3855359"}
        )

)

Array
(
    [http] => Array
        (
            [header] => Content-type: application/json
            [method] => POST
            [proxy] => tcp://10.0.1.46:8080
            [request_fulluri] => 1
            [content] => {"login":"SH","pass":"3855359"}
        )

)

Array
(
    [http] => Array
        (
            [header] => Content-type: application/json
            [method] => POST
            [proxy] => tcp://10.0.1.46:8080
            [request_fulluri] => 1
            [content] => {"login":"SH","pass":"3855359"}
        )

)

Array
(
    [http] => Array
        (
            [header] => Content-type: application/json
            [method] => POST
            [proxy] => tcp://10.0.1.46:8080
            [request_fulluri] => 1
            [content] => {"sessionId":"0d3068a0-91ff-423c-aa43-42a9cb500e29"}
        )

)
<br />
<b>Warning</b>:  Invalid argument supplied for foreach() in <b>C:\Users\bushuev\Documents\Programs\nginx-1.7.4\html\pso\lib\AccountList.php</b> on line <b>6</b><br />

Array
(
    [http] => Array
        (
            [header] => Content-type: application/json
            [method] => POST
            [proxy] => tcp://10.0.1.46:8080
            [request_fulluri] => 1
            [content] => {"login":"SH","pass":"3855359"}
        )

)

Array
(
    [http] => Array
        (
            [header] => Content-type: application/json
            [method] => POST
            [proxy] => tcp://10.0.1.46:8080
            [request_fulluri] => 1
            [content] => {"temp_id":"7f09c2a1-faa5-4fd7-b722-196e2c948e67"}
        )

)

Array
(
    [http] => Array
        (
            [header] => Content-type: application/json
            [method] => POST
            [proxy] => tcp://10.0.1.46:8080
            [request_fulluri] => 1
            [content] => {"login":"SH","pass":"3855359"}
        )

)

Array
(
    [http] => Array
        (
            [header] => Content-type: application/json
            [method] => POST
            [proxy] => tcp://10.0.1.46:8080
            [request_fulluri] => 1
            [content] => {"temp_id":"b12b4f9d-0dc9-4547-bae6-7c1c8fdb2ebc"}
        )

)

Array
(
    [http] => Array
        (
            [header] => Content-type: application/json
            [method] => POST
            [proxy] => tcp://10.0.1.46:8080
            [request_fulluri] => 1
            [content] => {"login":"SH","pass":"3855359"}
        )

)

Array
(
    [http] => Array
        (
            [header] => Content-type: application/json
            [method] => POST
            [proxy] => tcp://10.0.1.46:8080
            [request_fulluri] => 1
            [content] => {"temp_id":"a303314b-d27c-408a-b0fe-2f08b0c5cc9e"}
        )

)

Array
(
    [http] => Array
        (
            [header] => Content-type: application/json
            [method] => POST
            [proxy] => tcp://10.0.1.46:8080
            [request_fulluri] => 1
            [content] => {"login":"SH","pass":"3855359"}
        )

)

Array
(
    [http] => Array
        (
            [header] => Content-type: application/json
            [method] => POST
            [proxy] => tcp://10.0.1.46:8080
            [request_fulluri] => 1
            [content] => {"temp_id":"0d904592-3517-48bc-8217-8cf13d88c036"}
        )

)

Array
(
    [http] => Array
        (
            [header] => Content-type: application/json
            [method] => POST
            [proxy] => tcp://10.0.1.46:8080
            [request_fulluri] => 1
            [content] => {"login":"SH","pass":"3855359"}
        )

)

Array
(
    [http] => Array
        (
            [header] => Content-type: application/json
            [method] => POST
            [proxy] => tcp://10.0.1.46:8080
            [request_fulluri] => 1
            [content] => {"login":"SH","pass":"3855359"}
        )

)

Array
(
    [http] => Array
        (
            [header] => Content-type: application/json
            [method] => POST
            [proxy] => tcp://10.0.1.46:8080
            [request_fulluri] => 1
            [content] => {"temp_id":"eb3fb3bd-93e8-4593-9b30-334861a7304f"}
        )

)

Array
(
    [http] => Array
        (
            [header] => Content-type: application/json
            [method] => POST
            [proxy] => tcp://10.0.1.46:8080
            [request_fulluri] => 1
            [content] => {"login":"SH","pass":"3855359"}
        )

)

Array
(
    [http] => Array
        (
            [header] => Content-type: application/json
            [method] => POST
            [proxy] => tcp://10.0.1.46:8080
            [request_fulluri] => 1
            [content] => {"temp_id":"75e2c25b-de28-4f45-b260-74023a8e9807"}
        )

)

Array
(
    [http] => Array
        (
            [header] => Content-type: application/json
            [method] => POST
            [proxy] => tcp://10.0.1.46:8080
            [request_fulluri] => 1
            [content] => {"login":"SH","pass":"3855359"}
        )

)

Array
(
    [http] => Array
        (
            [header] => Content-type: application/json
            [method] => POST
            [proxy] => tcp://10.0.1.46:8080
            [request_fulluri] => 1
            [content] => {"temp_id":"aee004e7-1696-4b9b-8f9f-c665059c6a4b"}
        )

)

Array
(
    [http] => Array
        (
            [header] => Content-type: application/json
            [method] => POST
            [proxy] => tcp://10.0.1.46:8080
            [request_fulluri] => 1
            [content] => {"login":"SH","pass":"3855359"}
        )

)

Array
(
    [http] => Array
        (
            [header] => Content-type: application/json
            [method] => POST
            [proxy] => tcp://10.0.1.46:8080
            [request_fulluri] => 1
            [content] => {"temp_id":"3c793256-8f3c-47eb-8dfc-5544528810d6"}
        )

)

Array
(
    [http] => Array
        (
            [header] => Content-type: application/json
            [method] => POST
            [proxy] => tcp://10.0.1.46:8080
            [request_fulluri] => 1
            [content] => {"login":"SH","pass":"3855359"}
        )

)

Array
(
    [http] => Array
        (
            [header] => Content-type: application/json
            [method] => POST
            [proxy] => tcp://10.0.1.46:8080
            [request_fulluri] => 1
            [content] => {"temp_id":"8c652a92-ad5e-4c4f-a732-e69534105a54"}
        )

)

Array
(
    [http] => Array
        (
            [header] => Content-type: application/json
            [method] => POST
            [proxy] => tcp://10.0.1.46:8080
            [request_fulluri] => 1
            [content] => {"login":"SH","pass":"3855359"}
        )

)

Array
(
    [http] => Array
        (
            [header] => Content-type: application/json
            [method] => POST
            [proxy] => tcp://10.0.1.46:8080
            [request_fulluri] => 1
            [content] => {"temp_id":"c3124f5b-1d94-43e2-804a-9b2f1e87c7c0"}
        )

)

Array
(
    [http] => Array
        (
            [header] => Content-type: application/json
            [method] => POST
            [proxy] => tcp://10.0.1.46:8080
            [request_fulluri] => 1
            [content] => {"login":"SH","pass":"3855359"}
        )

)

Array
(
    [http] => Array
        (
            [header] => Content-type: application/json
            [method] => POST
            [proxy] => tcp://10.0.1.46:8080
            [request_fulluri] => 1
            [content] => {"temp_id":"24e5650c-494f-4a19-918b-d7a1f680723c"}
        )

)

Array
(
    [http] => Array
        (
            [header] => Content-type: application/json
            [method] => POST
            [proxy] => tcp://10.0.1.46:8080
            [request_fulluri] => 1
            [content] => {"login":"SH","pass":"3855359"}
        )

)

Array
(
    [http] => Array
        (
            [header] => Content-type: application/json
            [method] => POST
            [proxy] => tcp://10.0.1.46:8080
            [request_fulluri] => 1
            [content] => {"temp_id":"213cc77a-2f64-4d30-bb16-6b154f28377d"}
        )

)

Array
(
    [http] => Array
        (
            [header] => Content-type: application/json
            [method] => POST
            [proxy] => tcp://10.0.1.46:8080
            [request_fulluri] => 1
            [content] => {"login":"SH","pass":"3855359"}
        )

)

Array
(
    [http] => Array
        (
            [header] => Content-type: application/json
            [method] => POST
            [proxy] => tcp://10.0.1.46:8080
            [request_fulluri] => 1
            [content] => {"temp_id":"8f0a6be2-e048-45c6-9f06-80b0c574181c"}
        )

)

Array
(
    [http] => Array
        (
            [header] => Content-type: application/json
            [method] => POST
            [proxy] => tcp://10.0.1.46:8080
            [request_fulluri] => 1
            [content] => {"login":"SH","pass":"3855359"}
        )

)

Array
(
    [http] => Array
        (
            [header] => Content-type: application/json
            [method] => POST
            [proxy] => tcp://10.0.1.46:8080
            [request_fulluri] => 1
            [content] => {"temp_id":"6419f996-1456-4bd3-a213-3cab1634d5b4"}
        )

)

Array
(
    [http] => Array
        (
            [header] => Content-type: application/json
            [method] => POST
            [proxy] => tcp://10.0.1.46:8080
            [request_fulluri] => 1
            [content] => {"login":"SH","pass":"3855359"}
        )

)

Array
(
    [http] => Array
        (
            [header] => Content-type: application/json
            [method] => POST
            [proxy] => tcp://10.0.1.46:8080
            [request_fulluri] => 1
            [content] => {"temp_id":"7b0f11ad-4cf2-4050-afbd-ce79b91e93f2"}
        )

)

Array
(
    [http] => Array
        (
            [header] => Content-type: application/json
            [method] => POST
            [proxy] => tcp://10.0.1.46:8080
            [request_fulluri] => 1
            [content] => {"login":"SH","pass":"3855359"}
        )

)

Array
(
    [http] => Array
        (
            [header] => Content-type: application/json
            [method] => POST
            [proxy] => tcp://10.0.1.46:8080
            [request_fulluri] => 1
            [content] => {"temp_id":"c085635a-0449-4389-a586-79f744c7a178"}
        )

)

Array
(
    [http] => Array
        (
            [header] => Content-type: application/json
            [method] => POST
            [proxy] => tcp://10.0.1.46:8080
            [request_fulluri] => 1
            [content] => {"login":"SH","pass":"3855359"}
        )

)

Array
(
    [http] => Array
        (
            [header] => Content-type: application/json
            [method] => POST
            [proxy] => tcp://10.0.1.46:8080
            [request_fulluri] => 1
            [content] => {"temp_id":"cc1e9a7a-9717-426b-8546-2873425fbf43"}
        )

)

Array
(
    [http] => Array
        (
            [header] => Content-type: application/json
            [method] => POST
            [proxy] => tcp://10.0.1.46:8080
            [request_fulluri] => 1
            [content] => {"login":"SH","pass":"3855359"}
        )

)

Array
(
    [http] => Array
        (
            [header] => Content-type: application/json
            [method] => POST
            [proxy] => tcp://10.0.1.46:8080
            [request_fulluri] => 1
            [content] => {"temp_id":"c2412244-4ca4-4ba5-826d-6cc399912e3b"}
        )

)

Array
(
    [http] => Array
        (
            [header] => Content-type: application/json
            [method] => POST
            [proxy] => tcp://10.0.1.46:8080
            [request_fulluri] => 1
            [content] => {"login":"SH","pass":"3855359"}
        )

)

Array
(
    [http] => Array
        (
            [header] => Content-type: application/json
            [method] => POST
            [proxy] => tcp://10.0.1.46:8080
            [request_fulluri] => 1
            [content] => {"temp_id":"92ecf519-3bdd-4131-a9a0-bb9bcf38f352"}
        )

)

Array
(
    [http] => Array
        (
            [header] => Content-type: application/json
            [method] => POST
            [proxy] => tcp://10.0.1.46:8080
            [request_fulluri] => 1
            [content] => {"login":"SH","pass":"3855359"}
        )

)

Array
(
    [http] => Array
        (
            [header] => Content-type: application/json
            [method] => POST
            [proxy] => tcp://10.0.1.46:8080
            [request_fulluri] => 1
            [content] => {"temp_id":"fbbde6e7-bd75-4fdf-be8d-5cea8bf87f77"}
        )

)

Array
(
    [http] => Array
        (
            [header] => Content-type: application/json
            [method] => POST
            [proxy] => tcp://10.0.1.46:8080
            [request_fulluri] => 1
            [content] => {"login":"SH","pass":"3855359"}
        )

)

Array
(
    [http] => Array
        (
            [header] => Content-type: application/json
            [method] => POST
            [proxy] => tcp://10.0.1.46:8080
            [request_fulluri] => 1
            [content] => {"temp_id":"0f3aa409-3135-40b1-865b-1d4edd5e53a7"}
        )

)

Array
(
    [http] => Array
        (
            [header] => Content-type: application/json
            [method] => POST
            [proxy] => tcp://10.0.1.46:8080
            [request_fulluri] => 1
            [content] => {"login":"SH","pass":"3855359"}
        )

)

Array
(
    [http] => Array
        (
            [header] => Content-type: application/json
            [method] => POST
            [proxy] => tcp://10.0.1.46:8080
            [request_fulluri] => 1
            [content] => {"temp_id":"3c23d284-26ca-4f1d-ae6a-3e1fcc2a45bd"}
        )

)

Array
(
    [http] => Array
        (
            [header] => Content-type: application/json
            [method] => POST
            [proxy] => tcp://10.0.1.46:8080
            [request_fulluri] => 1
            [content] => {"login":"SH","pass":"3855359"}
        )

)

Array
(
    [http] => Array
        (
            [header] => Content-type: application/json
            [method] => POST
            [proxy] => tcp://10.0.1.46:8080
            [request_fulluri] => 1
            [content] => {"temp_id":"6f8effa7-2782-437b-8c63-feb26147458a"}
        )

)

Array
(
    [http] => Array
        (
            [header] => Content-type: application/json
            [method] => POST
            [proxy] => tcp://10.0.1.46:8080
            [request_fulluri] => 1
            [content] => {"login":"SH","pass":"3855359"}
        )

)

Array
(
    [http] => Array
        (
            [header] => Content-type: application/json
            [method] => POST
            [proxy] => tcp://10.0.1.46:8080
            [request_fulluri] => 1
            [content] => {"temp_id":"9f794800-4df8-43f9-a301-967eac20cfe8"}
        )

)

Array
(
    [http] => Array
        (
            [header] => Content-type: application/json
            [method] => POST
            [proxy] => tcp://10.0.1.46:8080
            [request_fulluri] => 1
            [content] => {"login":"SH","pass":"3855359"}
        )

)

Array
(
    [http] => Array
        (
            [header] => Content-type: application/json
            [method] => POST
            [proxy] => tcp://10.0.1.46:8080
            [request_fulluri] => 1
            [content] => {"temp_id":"e4f84669-e3d5-4109-b3df-dc5f0a600b45"}
        )

)

Array
(
    [http] => Array
        (
            [header] => Content-type: application/json
            [method] => POST
            [proxy] => tcp://10.0.1.46:8080
            [request_fulluri] => 1
            [content] => {"login":"SH","pass":"3855359"}
        )

)

Array
(
    [http] => Array
        (
            [header] => Content-type: application/json
            [method] => POST
            [proxy] => tcp://10.0.1.46:8080
            [request_fulluri] => 1
            [content] => {"temp_id":"560edef1-7896-4d3b-b7e2-6a032cb9517b"}
        )

)

Array
(
    [http] => Array
        (
            [header] => Content-type: application/json
            [method] => POST
            [proxy] => tcp://10.0.1.46:8080
            [request_fulluri] => 1
            [content] => {"login":"SH","pass":"3855359"}
        )

)

Array
(
    [http] => Array
        (
            [header] => Content-type: application/json
            [method] => POST
            [proxy] => tcp://10.0.1.46:8080
            [request_fulluri] => 1
            [content] => {"temp_id":"2d229d25-28f0-40f7-9d29-e3f2bf99f777"}
        )

)

Array
(
    [http] => Array
        (
            [header] => Content-type: application/json
            [method] => POST
            [proxy] => tcp://10.0.1.46:8080
            [request_fulluri] => 1
            [content] => {"login":"SH","pass":"3855359"}
        )

)

Array
(
    [http] => Array
        (
            [header] => Content-type: application/json
            [method] => POST
            [proxy] => tcp://10.0.1.46:8080
            [request_fulluri] => 1
            [content] => {"temp_id":"e09d1dfe-c2be-4d9e-b761-c5a4f6006145"}
        )

)

Array
(
    [http] => Array
        (
            [header] => Content-type: application/json
            [method] => POST
            [proxy] => tcp://10.0.1.46:8080
            [request_fulluri] => 1
            [content] => {"login":"SH","pass":"3855359"}
        )

)

Array
(
    [http] => Array
        (
            [header] => Content-type: application/json
            [method] => POST
            [proxy] => tcp://10.0.1.46:8080
            [request_fulluri] => 1
            [content] => {"temp_id":"839382f3-73b1-4db4-ada1-7ef42e7547d4"}
        )

)

Array
(
    [http] => Array
        (
            [header] => Content-type: application/json
            [method] => POST
            [proxy] => tcp://10.0.1.46:8080
            [request_fulluri] => 1
            [content] => {"login":"SH","pass":"3855359"}
        )

)

Array
(
    [http] => Array
        (
            [header] => Content-type: application/json
            [method] => POST
            [proxy] => tcp://10.0.1.46:8080
            [request_fulluri] => 1
            [content] => {"temp_id":"fa452a82-a155-4adc-a2d4-9d90d8c95757"}
        )

)

Array
(
    [http] => Array
        (
            [header] => Content-type: application/json
            [method] => POST
            [proxy] => tcp://10.0.1.46:8080
            [request_fulluri] => 1
            [content] => {"login":"SH","pass":"3855359"}
        )

)

Array
(
    [http] => Array
        (
            [header] => Content-type: application/json
            [method] => POST
            [proxy] => tcp://10.0.1.46:8080
            [request_fulluri] => 1
            [content] => {"temp_id":"25ee3fa6-91c6-4968-a88c-0413d08e42ae"}
        )

)

Array
(
    [http] => Array
        (
            [header] => Content-type: application/json
            [method] => POST
            [proxy] => tcp://10.0.1.46:8080
            [request_fulluri] => 1
            [content] => {"login":"SH","pass":"3855359"}
        )

)

Array
(
    [http] => Array
        (
            [header] => Content-type: application/json
            [method] => POST
            [proxy] => tcp://10.0.1.46:8080
            [request_fulluri] => 1
            [content] => {"temp_id":"ed506aa7-1756-4317-8336-d46b37d80b09"}
        )

)

Array
(
    [http] => Array
        (
            [header] => Content-type: application/json
            [method] => POST
            [proxy] => tcp://10.0.1.46:8080
            [request_fulluri] => 1
            [content] => {"login":"SH","pass":"3855359"}
        )

)

Array
(
    [http] => Array
        (
            [header] => Content-type: application/json
            [method] => POST
            [proxy] => tcp://10.0.1.46:8080
            [request_fulluri] => 1
            [content] => {"temp_id":"5657c8e0-ecfd-4803-b0b9-8b5676885e7a"}
        )

)

Array
(
    [http] => Array
        (
            [header] => Content-type: application/json
            [method] => POST
            [proxy] => tcp://10.0.1.46:8080
            [request_fulluri] => 1
            [content] => {"login":"SH","pass":"3855359"}
        )

)

Array
(
    [http] => Array
        (
            [header] => Content-type: application/json
            [method] => POST
            [proxy] => tcp://10.0.1.46:8080
            [request_fulluri] => 1
            [content] => {"temp_id":"c3d6891f-e5c8-4ef3-9f22-61711402759c"}
        )

)

Array
(
    [http] => Array
        (
            [header] => Content-type: application/json
            [method] => POST
            [proxy] => tcp://10.0.1.46:8080
            [request_fulluri] => 1
            [content] => {"login":"SH","pass":"3855359"}
        )

)

Array
(
    [http] => Array
        (
            [header] => Content-type: application/json
            [method] => POST
            [proxy] => tcp://10.0.1.46:8080
            [request_fulluri] => 1
            [content] => {"temp_id":"fc6f5640-288f-493d-b91b-0f1a71c3d184"}
        )

)

Array
(
    [http] => Array
        (
            [header] => Content-type: application/json
            [method] => POST
            [proxy] => tcp://10.0.1.46:8080
            [request_fulluri] => 1
            [content] => {"login":"SH","pass":"3855359"}
        )

)

Array
(
    [http] => Array
        (
            [header] => Content-type: application/json
            [method] => POST
            [proxy] => tcp://10.0.1.46:8080
            [request_fulluri] => 1
            [content] => {"login":"SH","pass":"3855359"}
        )

)

Array
(
    [http] => Array
        (
            [header] => Content-type: application/json
            [method] => POST
            [proxy] => tcp://10.0.1.46:8080
            [request_fulluri] => 1
            [content] => {"temp_id":"a9753b5e-f8ba-4ca7-a85c-b5039923e199"}
        )

)

Array
(
    [http] => Array
        (
            [header] => Content-type: application/json
            [method] => POST
            [proxy] => tcp://10.0.1.46:8080
            [request_fulluri] => 1
            [content] => {"temp_id":""}
        )

)
<br />
<b>Warning</b>:  Invalid argument supplied for foreach() in <b>C:\Users\bushuev\Documents\Programs\nginx-1.7.4\html\pso\lib\AccountList.php</b> on line <b>6</b><br />

Array
(
    [http] => Array
        (
            [header] => Content-type: application/json
            [method] => POST
            [proxy] => tcp://10.0.1.46:8080
            [request_fulluri] => 1
            [content] => {"login":"SH","pass":"3855359"}
        )

)

Array
(
    [http] => Array
        (
            [header] => Content-type: application/json
            [method] => POST
            [proxy] => tcp://10.0.1.46:8080
            [request_fulluri] => 1
            [content] => {"login":"SH","pass":"3855359"}
        )

)

Array
(
    [http] => Array
        (
            [header] => Content-type: application/json
            [method] => POST
            [proxy] => tcp://10.0.1.46:8080
            [request_fulluri] => 1
            [content] => {"login":"SH","pass":"3855359"}
        )

)

Array
(
    [http] => Array
        (
            [header] => Content-type: application/json
            [method] => POST
            [proxy] => tcp://10.0.1.46:8080
            [request_fulluri] => 1
            [content] => {"login":"SH","pass":"3855359"}
        )

)

Array
(
    [http] => Array
        (
            [header] => Content-type: application/json
            [method] => POST
            [proxy] => tcp://10.0.1.46:8080
            [request_fulluri] => 1
            [content] => {"login":"SH","pass":"3855359"}
        )

)

Array
(
    [http] => Array
        (
            [header] => Content-type: application/json
            [method] => POST
            [proxy] => tcp://10.0.1.46:8080
            [request_fulluri] => 1
            [content] => {"login":"SH","pass":"3855359"}
        )

)

Array
(
    [http] => Array
        (
            [header] => Content-type: application/json
            [method] => POST
            [proxy] => tcp://10.0.1.46:8080
            [request_fulluri] => 1
            [content] => {"login":"SH","pass":"3855359"}
        )

)

Array
(
    [http] => Array
        (
            [header] => Content-type: application/json
            [method] => POST
            [proxy] => tcp://10.0.1.46:8080
            [request_fulluri] => 1
            [content] => {"login":"SH","pass":"3855359"}
        )

)

Array
(
    [http] => Array
        (
            [header] => Content-type: application/json
            [method] => POST
            [proxy] => tcp://10.0.1.46:8080
            [request_fulluri] => 1
            [content] => {"login":"SH","pass":"3855359"}
        )

)

Array
(
    [http] => Array
        (
            [header] => Content-type: application/json
            [method] => POST
            [proxy] => tcp://10.0.1.46:8080
            [request_fulluri] => 1
            [content] => {"temp_id":"94255905-d476-4411-a888-490d4c3f832f"}
        )

)

Array
(
    [http] => Array
        (
            [header] => Content-type: application/json
            [method] => POST
            [proxy] => tcp://10.0.1.46:8080
            [request_fulluri] => 1
            [content] => {"login":"SH","pass":"3855359"}
        )

)

Array
(
    [http] => Array
        (
            [header] => Content-type: application/json
            [method] => POST
            [proxy] => tcp://10.0.1.46:8080
            [request_fulluri] => 1
            [content] => {"temp_id":"44b6534d-c0e5-4767-b95f-dfb68dae956c"}
        )

)

Array
(
    [http] => Array
        (
            [header] => Content-type: application/json
            [method] => POST
            [proxy] => tcp://10.0.1.46:8080
            [request_fulluri] => 1
            [content] => {"login":"SH","pass":"3855359"}
        )

)

Array
(
    [http] => Array
        (
            [header] => Content-type: application/json
            [method] => POST
            [proxy] => tcp://10.0.1.46:8080
            [request_fulluri] => 1
            [content] => {"temp_id":"1b9f14c1-1e98-4552-8289-74ec75d97d34"}
        )

)

Array
(
    [http] => Array
        (
            [header] => Content-type: application/json
            [method] => POST
            [proxy] => tcp://10.0.1.46:8080
            [request_fulluri] => 1
            [content] => {"login":"SH","pass":"3855359"}
        )

)

Array
(
    [http] => Array
        (
            [header] => Content-type: application/json
            [method] => POST
            [proxy] => tcp://10.0.1.46:8080
            [request_fulluri] => 1
            [content] => {"temp_id":"5461ee59-7336-4a55-a50b-074442c57c3c"}
        )

)

Array
(
    [http] => Array
        (
            [header] => Content-type: application/json
            [method] => POST
            [proxy] => tcp://10.0.1.46:8080
            [request_fulluri] => 1
            [content] => {"login":"SH","pass":"3855359"}
        )

)

Array
(
    [http] => Array
        (
            [header] => Content-type: application/json
            [method] => POST
            [proxy] => tcp://10.0.1.46:8080
            [request_fulluri] => 1
            [content] => {"temp_id":"7700e73b-3f49-40ac-8a16-7bcd4d85a8e9"}
        )

)

Array
(
    [http] => Array
        (
            [header] => Content-type: application/json
            [method] => POST
            [proxy] => tcp://10.0.1.46:8080
            [request_fulluri] => 1
            [content] => {"login":"SH","pass":"3855359"}
        )

)

Array
(
    [http] => Array
        (
            [header] => Content-type: application/json
            [method] => POST
            [proxy] => tcp://10.0.1.46:8080
            [request_fulluri] => 1
            [content] => {"temp_id":"ec7f49c2-35b6-4929-b40f-5436cdfcb86e"}
        )

)

Array
(
    [http] => Array
        (
            [header] => Content-type: application/json
            [method] => POST
            [proxy] => tcp://10.0.1.46:8080
            [request_fulluri] => 1
            [content] => {"login":"SH","pass":"3855359"}
        )

)

Array
(
    [http] => Array
        (
            [header] => Content-type: application/json
            [method] => POST
            [proxy] => tcp://10.0.1.46:8080
            [request_fulluri] => 1
            [content] => {"temp_id":"229f4767-cae7-4b3c-a12a-9ed4af8a59ab"}
        )

)

Array
(
    [http] => Array
        (
            [header] => Content-type: application/json
            [method] => POST
            [proxy] => tcp://10.0.1.46:8080
            [request_fulluri] => 1
            [content] => {"login":"SH","pass":"3855359"}
        )

)

Array
(
    [http] => Array
        (
            [header] => Content-type: application/json
            [method] => POST
            [proxy] => tcp://10.0.1.46:8080
            [request_fulluri] => 1
            [content] => {"temp_id":"32294ac8-8617-4f78-9587-39ab4b4fa8bc"}
        )

)

Array
(
    [http] => Array
        (
            [header] => Content-type: application/json
            [method] => POST
            [proxy] => tcp://10.0.1.46:8080
            [request_fulluri] => 1
            [content] => {"login":"SH","pass":"3855359"}
        )

)

Array
(
    [http] => Array
        (
            [header] => Content-type: application/json
            [method] => POST
            [proxy] => tcp://10.0.1.46:8080
            [request_fulluri] => 1
            [content] => {"temp_id":"77bfcc95-17b4-4779-8fee-a109cfc67deb"}
        )

)

Array
(
    [http] => Array
        (
            [header] => Content-type: application/json
            [method] => POST
            [proxy] => tcp://10.0.1.46:8080
            [request_fulluri] => 1
            [content] => {"login":"SH","pass":"3855359"}
        )

)

Array
(
    [http] => Array
        (
            [header] => Content-type: application/json
            [method] => POST
            [proxy] => tcp://10.0.1.46:8080
            [request_fulluri] => 1
            [content] => {"temp_id":"68728dc7-1b20-4782-98fa-b988aabd9dd3"}
        )

)

Array
(
    [http] => Array
        (
            [header] => Content-type: application/json
            [method] => POST
            [proxy] => tcp://10.0.1.46:8080
            [request_fulluri] => 1
            [content] => {"login":"SH","pass":"3855359"}
        )

)

Array
(
    [http] => Array
        (
            [header] => Content-type: application/json
            [method] => POST
            [proxy] => tcp://10.0.1.46:8080
            [request_fulluri] => 1
            [content] => {"temp_id":"e79c9497-f098-46bc-9496-cb10ceb3363a"}
        )

)

Array
(
    [http] => Array
        (
            [header] => Content-type: application/json
            [method] => POST
            [proxy] => tcp://10.0.1.46:8080
            [request_fulluri] => 1
            [content] => {"login":"SH","pass":"3855359"}
        )

)

Array
(
    [http] => Array
        (
            [header] => Content-type: application/json
            [method] => POST
            [proxy] => tcp://10.0.1.46:8080
            [request_fulluri] => 1
            [content] => {"temp_id":"1cdf76e1-af4b-4bea-a546-0fa7c8412cd9"}
        )

)

Array
(
    [http] => Array
        (
            [header] => Content-type: application/json
            [method] => POST
            [proxy] => tcp://10.0.1.46:8080
            [request_fulluri] => 1
            [content] => {"login":"SH","pass":"3855359"}
        )

)

Array
(
    [http] => Array
        (
            [header] => Content-type: application/json
            [method] => POST
            [proxy] => tcp://10.0.1.46:8080
            [request_fulluri] => 1
            [content] => {"temp_id":"bfa176b0-7fa7-4b4c-ab30-0c5e1a1d6137"}
        )

)

Array
(
    [http] => Array
        (
            [header] => Content-type: application/json
            [method] => POST
            [proxy] => tcp://10.0.1.46:8080
            [request_fulluri] => 1
            [content] => {"login":"SH","pass":"3855359"}
        )

)

Array
(
    [http] => Array
        (
            [header] => Content-type: application/json
            [method] => POST
            [proxy] => tcp://10.0.1.46:8080
            [request_fulluri] => 1
            [content] => {"temp_id":"e5b907b7-df1a-457b-a579-02e4d65f91f9"}
        )

)

Array
(
    [http] => Array
        (
            [header] => Content-type: application/json
            [method] => POST
            [proxy] => tcp://10.0.1.46:8080
            [request_fulluri] => 1
            [content] => {"login":"SH","pass":"3855359"}
        )

)

Array
(
    [http] => Array
        (
            [header] => Content-type: application/json
            [method] => POST
            [proxy] => tcp://10.0.1.46:8080
            [request_fulluri] => 1
            [content] => {"temp_id":"6bd405d0-b8a8-4f9e-80ae-4184219a50a4"}
        )

)

Array
(
    [http] => Array
        (
            [header] => Content-type: application/json
            [method] => POST
            [proxy] => tcp://10.0.1.46:8080
            [request_fulluri] => 1
            [content] => {"login":"SH","pass":"3855359"}
        )

)

Array
(
    [http] => Array
        (
            [header] => Content-type: application/json
            [method] => POST
            [proxy] => tcp://10.0.1.46:8080
            [request_fulluri] => 1
            [content] => {"temp_id":"7fa5f848-5939-4c3b-840e-692ed6557ca7"}
        )

)

Array
(
    [http] => Array
        (
            [header] => Content-type: application/json
            [method] => POST
            [proxy] => tcp://10.0.1.46:8080
            [request_fulluri] => 1
            [content] => {"login":"SH","pass":"3855359"}
        )

)

Array
(
    [http] => Array
        (
            [header] => Content-type: application/json
            [method] => POST
            [proxy] => tcp://10.0.1.46:8080
            [request_fulluri] => 1
            [content] => {"temp_id":"25df2c0c-8e70-4307-b0ab-fe7eea445ff8"}
        )

)

Array
(
    [http] => Array
        (
            [header] => Content-type: application/json
            [method] => POST
            [proxy] => tcp://10.0.1.46:8080
            [request_fulluri] => 1
            [content] => {"login":"SH","pass":"3855359"}
        )

)

Array
(
    [http] => Array
        (
            [header] => Content-type: application/json
            [method] => POST
            [proxy] => tcp://10.0.1.46:8080
            [request_fulluri] => 1
            [content] => {"temp_id":"0de9710f-8f44-47f5-9c9b-427f2ca8dca1"}
        )

)

Array
(
    [http] => Array
        (
            [header] => Content-type: application/json
            [method] => POST
            [proxy] => tcp://10.0.1.46:8080
            [request_fulluri] => 1
            [content] => {"login":"SH","pass":"3855359"}
        )

)
<br />
<b>Warning</b>:  file_get_contents(http://pso_test.2tbank.ru/PSO.svc/json/PSOCabinAuth/):  in <b>C:\Users\bushuev\Documents\Programs\nginx-1.7.4\html\pso\lib\TymParser.php</b> on line <b>56</b><br />
<br />
<b>Warning</b>:  get_object_vars() expects parameter 1 to be object, null given in <b>C:\Users\bushuev\Documents\Programs\nginx-1.7.4\html\pso\lib\TymParser.php</b> on line <b>9</b><br />
<br />
<b>Warning</b>:  Invalid argument supplied for foreach() in <b>C:\Users\bushuev\Documents\Programs\nginx-1.7.4\html\pso\lib\TymParser.php</b> on line <b>9</b><br />

Array
(
    [http] => Array
        (
            [header] => Content-type: application/json
            [method] => POST
            [proxy] => tcp://10.0.1.46:8080
            [request_fulluri] => 1
            [content] => {"login":"SH","pass":"3855359"}
        )

)

Array
(
    [http] => Array
        (
            [header] => Content-type: application/json
            [method] => POST
            [proxy] => tcp://10.0.1.46:8080
            [request_fulluri] => 1
            [content] => {"login":"SH","pass":"3855359"}
        )

)
<br />
<b>Warning</b>:  file_get_contents(http://pso_test.2tbank.ru/PSO.svc/json/PSOCabinAuth/): < in <b>C:\Users\bushuev\Documents\Programs\nginx-1.7.4\html\pso\lib\TymParser.php</b> on line <b>56</b><br />
<br />
<b>Warning</b>:  get_object_vars() expects parameter 1 to be object, null given in <b>C:\Users\bushuev\Documents\Programs\nginx-1.7.4\html\pso\lib\TymParser.php</b> on line <b>9</b><br />
<br />
<b>Warning</b>:  Invalid argument supplied for foreach() in <b>C:\Users\bushuev\Documents\Programs\nginx-1.7.4\html\pso\lib\TymParser.php</b> on line <b>9</b><br />

Array
(
    [http] => Array
        (
            [header] => Content-type: application/json
            [method] => POST
            [proxy] => tcp://10.0.1.46:8080
            [request_fulluri] => 1
            [content] => {"login":"SH","pass":"3855359"}
        )

)

Array
(
    [http] => Array
        (
            [header] => Content-type: application/json
            [method] => POST
            [proxy] => tcp://10.0.1.46:8080
            [request_fulluri] => 1
            [content] => {"temp_id":"7e0b7712-0b68-48a2-9f49-885e7c7a6862"}
        )

)

Array
(
    [http] => Array
        (
            [header] => Content-type: application/json
            [method] => POST
            [proxy] => tcp://10.0.1.46:8080
            [request_fulluri] => 1
            [content] => {"login":"SH","pass":"3855359"}
        )

)

Array
(
    [http] => Array
        (
            [header] => Content-type: application/json
            [method] => POST
            [proxy] => tcp://10.0.1.46:8080
            [request_fulluri] => 1
            [content] => {"temp_id":"057e30d4-4234-499b-ac67-63366091834a"}
        )

)

Array
(
    [http] => Array
        (
            [header] => Content-type: application/json
            [method] => POST
            [proxy] => tcp://10.0.1.46:8080
            [request_fulluri] => 1
            [content] => {"login":"SH","pass":"3855359"}
        )

)

Array
(
    [http] => Array
        (
            [header] => Content-type: application/json
            [method] => POST
            [proxy] => tcp://10.0.1.46:8080
            [request_fulluri] => 1
            [content] => {"temp_id":"62e82cd4-9e1d-4e90-b407-12f46f00e657"}
        )

)

Array
(
    [http] => Array
        (
            [header] => Content-type: application/json
            [method] => POST
            [proxy] => tcp://10.0.1.46:8080
            [request_fulluri] => 1
            [content] => {"login":"SH","pass":"3855359"}
        )

)

Array
(
    [http] => Array
        (
            [header] => Content-type: application/json
            [method] => POST
            [proxy] => tcp://10.0.1.46:8080
            [request_fulluri] => 1
            [content] => {"temp_id":"a2f62f76-a622-4fa3-9ed5-2d9bb4dac315"}
        )

)

Array
(
    [http] => Array
        (
            [header] => Content-type: application/json
            [method] => POST
            [proxy] => tcp://10.0.1.46:8080
            [request_fulluri] => 1
            [content] => {"login":"SH","pass":"3855359"}
        )

)

Array
(
    [http] => Array
        (
            [header] => Content-type: application/json
            [method] => POST
            [proxy] => tcp://10.0.1.46:8080
            [request_fulluri] => 1
            [content] => {"temp_id":"e6661e37-8ea3-4b66-80a3-ffb637c9c420"}
        )

)

Array
(
    [http] => Array
        (
            [header] => Content-type: application/json
            [method] => POST
            [proxy] => tcp://10.0.1.46:8080
            [request_fulluri] => 1
            [content] => {"login":"SH","pass":"3855359"}
        )

)

Array
(
    [http] => Array
        (
            [header] => Content-type: application/json
            [method] => POST
            [proxy] => tcp://10.0.1.46:8080
            [request_fulluri] => 1
            [content] => {"temp_id":"7782cf07-253f-4d68-adbd-d5af46aaaf85"}
        )

)

Array
(
    [http] => Array
        (
            [header] => Content-type: application/json
            [method] => POST
            [proxy] => tcp://10.0.1.46:8080
            [request_fulluri] => 1
            [content] => {"login":"SH","pass":"3855359"}
        )

)

Array
(
    [http] => Array
        (
            [header] => Content-type: application/json
            [method] => POST
            [proxy] => tcp://10.0.1.46:8080
            [request_fulluri] => 1
            [content] => {"temp_id":"71a67c1c-c66f-4aa9-9899-a2139e73e8e6"}
        )

)

Array
(
    [http] => Array
        (
            [header] => Content-type: application/json
            [method] => POST
            [proxy] => tcp://10.0.1.46:8080
            [request_fulluri] => 1
            [content] => {"login":"SH","pass":"3855359"}
        )

)

Array
(
    [http] => Array
        (
            [header] => Content-type: application/json
            [method] => POST
            [proxy] => tcp://10.0.1.46:8080
            [request_fulluri] => 1
            [content] => {"temp_id":"533fbf00-7e88-4fcb-981c-f2a490c6d23d"}
        )

)

Array
(
    [http] => Array
        (
            [header] => Content-type: application/json
            [method] => POST
            [proxy] => tcp://10.0.1.46:8080
            [request_fulluri] => 1
            [content] => {"login":"SH","pass":"3855359"}
        )

)

Array
(
    [http] => Array
        (
            [header] => Content-type: application/json
            [method] => POST
            [proxy] => tcp://10.0.1.46:8080
            [request_fulluri] => 1
            [content] => {"temp_id":"18da876c-750b-4994-9648-8421f407bc71"}
        )

)

Array
(
    [http] => Array
        (
            [header] => Content-type: application/json
            [method] => POST
            [proxy] => tcp://10.0.1.46:8080
            [request_fulluri] => 1
            [content] => {"login":"SH","pass":"3855359"}
        )

)

Array
(
    [http] => Array
        (
            [header] => Content-type: application/json
            [method] => POST
            [proxy] => tcp://10.0.1.46:8080
            [request_fulluri] => 1
            [content] => {"temp_id":"718a93e3-5425-46f1-a6eb-9d077284bf0b"}
        )

)

Array
(
    [http] => Array
        (
            [header] => Content-type: application/json
            [method] => POST
            [proxy] => tcp://10.0.1.46:8080
            [request_fulluri] => 1
            [content] => {"login":"SH","pass":"3855359"}
        )

)
<br />
<b>Warning</b>:  file_get_contents(http://pso_test.2tbank.ru/PSO.svc/json/PSOCabinAuth/): < in <b>C:\Users\bushuev\Documents\Programs\nginx-1.7.4\html\pso\lib\TymParser.php</b> on line <b>56</b><br />
<br />
<b>Warning</b>:  get_object_vars() expects parameter 1 to be object, null given in <b>C:\Users\bushuev\Documents\Programs\nginx-1.7.4\html\pso\lib\TymParser.php</b> on line <b>9</b><br />
<br />
<b>Warning</b>:  Invalid argument supplied for foreach() in <b>C:\Users\bushuev\Documents\Programs\nginx-1.7.4\html\pso\lib\TymParser.php</b> on line <b>9</b><br />

Array
(
    [http] => Array
        (
            [header] => Content-type: application/json
            [method] => POST
            [proxy] => tcp://10.0.1.46:8080
            [request_fulluri] => 1
            [content] => {"login":"SH","pass":"3855359"}
        )

)

Array
(
    [http] => Array
        (
            [header] => Content-type: application/json
            [method] => POST
            [proxy] => tcp://10.0.1.46:8080
            [request_fulluri] => 1
            [content] => {"temp_id":"277c3162-517d-44b3-90e8-c745a4b457a3"}
        )

)

Array
(
    [http] => Array
        (
            [header] => Content-type: application/json
            [method] => POST
            [proxy] => tcp://10.0.1.46:8080
            [request_fulluri] => 1
            [content] => {"login":"SH","pass":"3855359"}
        )

)

Array
(
    [http] => Array
        (
            [header] => Content-type: application/json
            [method] => POST
            [proxy] => tcp://10.0.1.46:8080
            [request_fulluri] => 1
            [content] => {"temp_id":"821c080a-6123-4d22-bef8-148b99b88889"}
        )

)

Array
(
    [http] => Array
        (
            [header] => Content-type: application/json
            [method] => POST
            [proxy] => tcp://10.0.1.46:8080
            [request_fulluri] => 1
            [content] => {"login":"SH","pass":"3855359"}
        )

)

Array
(
    [http] => Array
        (
            [header] => Content-type: application/json
            [method] => POST
            [proxy] => tcp://10.0.1.46:8080
            [request_fulluri] => 1
            [content] => {"temp_id":"bcafa044-d1e7-43b1-a489-bf38d0be1326"}
        )

)

Array
(
    [http] => Array
        (
            [header] => Content-type: application/json
            [method] => POST
            [proxy] => tcp://10.0.1.46:8080
            [request_fulluri] => 1
            [content] => {"login":"SH","pass":"3855359"}
        )

)

Array
(
    [http] => Array
        (
            [header] => Content-type: application/json
            [method] => POST
            [proxy] => tcp://10.0.1.46:8080
            [request_fulluri] => 1
            [content] => {"temp_id":"37267feb-6856-4bd5-8932-5f95514ade55"}
        )

)

Array
(
    [http] => Array
        (
            [header] => Content-type: application/json
            [method] => POST
            [proxy] => tcp://10.0.1.46:8080
            [request_fulluri] => 1
            [content] => {"login":"SH","pass":"3855359"}
        )

)

Array
(
    [http] => Array
        (
            [header] => Content-type: application/json
            [method] => POST
            [proxy] => tcp://10.0.1.46:8080
            [request_fulluri] => 1
            [content] => {"temp_id":"97b03f66-8ed8-4c8f-9ac2-29b31340a676"}
        )

)

Array
(
    [http] => Array
        (
            [header] => Content-type: application/json
            [method] => POST
            [proxy] => tcp://10.0.1.46:8080
            [request_fulluri] => 1
            [content] => {"login":"SH","pass":"3855359"}
        )

)

Array
(
    [http] => Array
        (
            [header] => Content-type: application/json
            [method] => POST
            [proxy] => tcp://10.0.1.46:8080
            [request_fulluri] => 1
            [content] => {"temp_id":"1dc47f12-d632-4fa2-be7b-0fb9b818315e"}
        )

)

Array
(
    [http] => Array
        (
            [header] => Content-type: application/json
            [method] => POST
            [proxy] => tcp://10.0.1.46:8080
            [request_fulluri] => 1
            [content] => {"login":"SH","pass":"3855359"}
        )

)

Array
(
    [http] => Array
        (
            [header] => Content-type: application/json
            [method] => POST
            [proxy] => tcp://10.0.1.46:8080
            [request_fulluri] => 1
            [content] => {"temp_id":"86f72f67-deb2-4cf7-bd8d-334ea274b4ca"}
        )

)

Array
(
    [http] => Array
        (
            [header] => Content-type: application/json
            [method] => POST
            [proxy] => tcp://10.0.1.46:8080
            [request_fulluri] => 1
            [content] => {"temp_id":"86f72f67-deb2-4cf7-bd8d-334ea274b4ca"}
        )

)

Array
(
    [http] => Array
        (
            [header] => Content-type: application/json
            [method] => POST
            [proxy] => tcp://10.0.1.46:8080
            [request_fulluri] => 1
            [content] => {"login":"SH","pass":"3855359"}
        )

)

Array
(
    [http] => Array
        (
            [header] => Content-type: application/json
            [method] => POST
            [proxy] => tcp://10.0.1.46:8080
            [request_fulluri] => 1
            [content] => {"temp_id":"dd2e7112-7f5a-464e-a525-ce37a794d383"}
        )

)

Array
(
    [http] => Array
        (
            [header] => Content-type: application/json
            [method] => POST
            [proxy] => tcp://10.0.1.46:8080
            [request_fulluri] => 1
            [content] => {"temp_id":"dd2e7112-7f5a-464e-a525-ce37a794d383"}
        )

)

Array
(
    [http] => Array
        (
            [header] => Content-type: application/json
            [method] => POST
            [proxy] => tcp://10.0.1.46:8080
            [request_fulluri] => 1
            [content] => {"login":"SH","pass":"3855359"}
        )

)

Array
(
    [http] => Array
        (
            [header] => Content-type: application/json
            [method] => POST
            [proxy] => tcp://10.0.1.46:8080
            [request_fulluri] => 1
            [content] => {"temp_id":"abd7c298-05e8-41a8-bc72-fe38a55ca60c"}
        )

)

Array
(
    [http] => Array
        (
            [header] => Content-type: application/json
            [method] => POST
            [proxy] => tcp://10.0.1.46:8080
            [request_fulluri] => 1
            [content] => {"temp_id":"abd7c298-05e8-41a8-bc72-fe38a55ca60c"}
        )

)

Array
(
    [http] => Array
        (
            [header] => Content-type: application/json
            [method] => POST
            [proxy] => tcp://10.0.1.46:8080
            [request_fulluri] => 1
            [content] => {"login":"SH","pass":"3855359"}
        )

)

Array
(
    [http] => Array
        (
            [header] => Content-type: application/json
            [method] => POST
            [proxy] => tcp://10.0.1.46:8080
            [request_fulluri] => 1
            [content] => {"login":"SH","pass":"3855359"}
        )

)

Array
(
    [http] => Array
        (
            [header] => Content-type: application/json
            [method] => POST
            [proxy] => tcp://10.0.1.46:8080
            [request_fulluri] => 1
            [content] => {"temp_id":"9ce07606-0b13-4b93-a6c2-8166b30df81b"}
        )

)

Array
(
    [http] => Array
        (
            [header] => Content-type: application/json
            [method] => POST
            [proxy] => tcp://10.0.1.46:8080
            [request_fulluri] => 1
            [content] => {"login":"SH","pass":"3855359"}
        )

)

Array
(
    [http] => Array
        (
            [header] => Content-type: application/json
            [method] => POST
            [proxy] => tcp://10.0.1.46:8080
            [request_fulluri] => 1
            [content] => {"temp_id":"f8492b2d-2e74-4207-a3f7-ba8d23366d3e"}
        )

)

Array
(
    [http] => Array
        (
            [header] => Content-type: application/json
            [method] => POST
            [proxy] => tcp://10.0.1.46:8080
            [request_fulluri] => 1
            [content] => {"login":"SH","pass":"3855359"}
        )

)

Array
(
    [http] => Array
        (
            [header] => Content-type: application/json
            [method] => POST
            [proxy] => tcp://10.0.1.46:8080
            [request_fulluri] => 1
            [content] => {"temp_id":"d523468e-5de9-42f0-89c7-d27201a27166"}
        )

)

Array
(
    [http] => Array
        (
            [header] => Content-type: application/json
            [method] => POST
            [proxy] => tcp://10.0.1.46:8080
            [request_fulluri] => 1
            [content] => {"login":"SH","pass":"3855359"}
        )

)

Array
(
    [http] => Array
        (
            [header] => Content-type: application/json
            [method] => POST
            [proxy] => tcp://10.0.1.46:8080
            [request_fulluri] => 1
            [content] => {"temp_id":"b8ea8e03-d229-4d4c-9d1d-a6ea3f6063eb"}
        )

)

